# JRE version: OpenJDK Runtime Environment (17.0.10) (build 17.0.10+0--11572160)
# Java VM: OpenJDK 64-Bit Server VM (17.0.10+0--11572160, mixed mode, tiered, compressed oops, compressed class ptrs, g1 gc, windows-amd64)
GC Precious Log:
 CPUs: 4 total, 4 available
 Memory: 16263M
 Large Page Support: Disabled
 NUMA Support: Disabled
 Compressed Oops: Enabled (32-bit)
 Heap Region Size: 1M
 Heap Min Capacity: 8M
 Heap Initial Capacity: 256M
 Heap Max Capacity: 2G
 Pre-touch: Disabled
 Parallel Workers: 4
 Concurrent Workers: 1
 Concurrent Refinement Workers: 4
 Periodic GC: Disabled
Heap:
 garbage-first heap   total 265216K, used 184320K [0x0000000080000000, 0x0000000100000000)
  region size 1024K, 5 young (5120K), 5 survivors (5120K)
 Metaspace       used 129324K, committed 130368K, reserved 1179648K
  class space    used 17411K, committed 17920K, reserved 1048576K
GC Heap History (20 events):
Event: 30.915 GC heap after
{Heap after GC invocations=53 (full 0):
 garbage-first heap   total 248832K, used 131794K [0x0000000080000000, 0x0000000100000000)
  region size 1024K, 5 young (5120K), 5 survivors (5120K)
 Metaspace       used 104131K, committed 105024K, reserved 1179648K
  class space    used 14012K, committed 14400K, reserved 1048576K
}
Event: 35.870 GC heap before
{Heap before GC invocations=53 (full 0):
 garbage-first heap   total 248832K, used 208594K [0x0000000080000000, 0x0000000100000000)
  region size 1024K, 81 young (82944K), 5 survivors (5120K)
 Metaspace       used 105603K, committed 106496K, reserved 1179648K
  class space    used 14245K, committed 14656K, reserved 1048576K
}
Event: 35.882 GC heap after
{Heap after GC invocations=54 (full 0):
 garbage-first heap   total 248832K, used 135662K [0x0000000080000000, 0x0000000100000000)
  region size 1024K, 8 young (8192K), 8 survivors (8192K)
 Metaspace       used 105603K, committed 106496K, reserved 1179648K
  class space    used 14245K, committed 14656K, reserved 1048576K
}
Event: 38.986 GC heap before
{Heap before GC invocations=54 (full 0):
 garbage-first heap   total 248832K, used 209390K [0x0000000080000000, 0x0000000100000000)
  region size 1024K, 81 young (82944K), 8 survivors (8192K)
 Metaspace       used 118975K, committed 120000K, reserved 1179648K
  class space    used 16365K, committed 16832K, reserved 1048576K
}
Event: 39.001 GC heap after
{Heap after GC invocations=55 (full 0):
 garbage-first heap   total 248832K, used 140481K [0x0000000080000000, 0x0000000100000000)
  region size 1024K, 9 young (9216K), 9 survivors (9216K)
 Metaspace       used 118975K, committed 120000K, reserved 1179648K
  class space    used 16365K, committed 16832K, reserved 1048576K
}
Event: 40.221 GC heap before
{Heap before GC invocations=55 (full 0):
 garbage-first heap   total 248832K, used 191681K [0x0000000080000000, 0x0000000100000000)
  region size 1024K, 43 young (44032K), 9 survivors (9216K)
 Metaspace       used 121490K, committed 122496K, reserved 1179648K
  class space    used 16651K, committed 17152K, reserved 1048576K
}
Event: 40.233 GC heap after
{Heap after GC invocations=56 (full 0):
 garbage-first heap   total 248832K, used 149800K [0x0000000080000000, 0x0000000100000000)
  region size 1024K, 6 young (6144K), 6 survivors (6144K)
 Metaspace       used 121490K, committed 122496K, reserved 1179648K
  class space    used 16651K, committed 17152K, reserved 1048576K
}
Event: 40.278 GC heap before
{Heap before GC invocations=56 (full 0):
 garbage-first heap   total 248832K, used 168232K [0x0000000080000000, 0x0000000100000000)
  region size 1024K, 7 young (7168K), 6 survivors (6144K)
 Metaspace       used 121490K, committed 122496K, reserved 1179648K
  class space    used 16651K, committed 17152K, reserved 1048576K
}
Event: 40.288 GC heap after
{Heap after GC invocations=57 (full 0):
 garbage-first heap   total 248832K, used 149761K [0x0000000080000000, 0x0000000100000000)
  region size 1024K, 4 young (4096K), 4 survivors (4096K)
 Metaspace       used 121490K, committed 122496K, reserved 1179648K
  class space    used 16651K, committed 17152K, reserved 1048576K
}
Event: 40.305 GC heap before
{Heap before GC invocations=57 (full 0):
 garbage-first heap   total 248832K, used 160001K [0x0000000080000000, 0x0000000100000000)
  region size 1024K, 5 young (5120K), 4 survivors (4096K)
 Metaspace       used 121490K, committed 122496K, reserved 1179648K
  class space    used 16651K, committed 17152K, reserved 1048576K
}
Event: 40.312 GC heap after
{Heap after GC invocations=58 (full 0):
 garbage-first heap   total 248832K, used 149535K [0x0000000080000000, 0x0000000100000000)
  region size 1024K, 4 young (4096K), 4 survivors (4096K)
 Metaspace       used 121490K, committed 122496K, reserved 1179648K
  class space    used 16651K, committed 17152K, reserved 1048576K
}
Event: 40.333 GC heap before
{Heap before GC invocations=58 (full 0):
 garbage-first heap   total 248832K, used 157727K [0x0000000080000000, 0x0000000100000000)
  region size 1024K, 5 young (5120K), 4 survivors (4096K)
 Metaspace       used 121490K, committed 122496K, reserved 1179648K
  class space    used 16651K, committed 17152K, reserved 1048576K
}
Event: 40.337 GC heap after
{Heap after GC invocations=59 (full 0):
 garbage-first heap   total 248832K, used 149473K [0x0000000080000000, 0x0000000100000000)
  region size 1024K, 4 young (4096K), 4 survivors (4096K)
 Metaspace       used 121490K, committed 122496K, reserved 1179648K
  class space    used 16651K, committed 17152K, reserved 1048576K
}
Event: 1988.222 GC heap before
{Heap before GC invocations=59 (full 0):
 garbage-first heap   total 248832K, used 218081K [0x0000000080000000, 0x0000000100000000)
  region size 1024K, 69 young (70656K), 4 survivors (4096K)
 Metaspace       used 125866K, committed 126912K, reserved 1179648K
  class space    used 17040K, committed 17536K, reserved 1048576K
}
Event: 1988.230 GC heap after
{Heap after GC invocations=60 (full 0):
 garbage-first heap   total 248832K, used 141265K [0x0000000080000000, 0x0000000100000000)
  region size 1024K, 4 young (4096K), 4 survivors (4096K)
 Metaspace       used 125866K, committed 126912K, reserved 1179648K
  class space    used 17040K, committed 17536K, reserved 1048576K
}
Event: 1989.906 GC heap before
{Heap before GC invocations=60 (full 0):
 garbage-first heap   total 248832K, used 214993K [0x0000000080000000, 0x0000000100000000)
  region size 1024K, 77 young (78848K), 4 survivors (4096K)
 Metaspace       used 126522K, committed 127552K, reserved 1179648K
  class space    used 17072K, committed 17536K, reserved 1048576K
}
Event: 1989.926 GC heap after
{Heap after GC invocations=61 (full 0):
 garbage-first heap   total 248832K, used 150452K [0x0000000080000000, 0x0000000100000000)
  region size 1024K, 10 young (10240K), 10 survivors (10240K)
 Metaspace       used 126522K, committed 127552K, reserved 1179648K
  class space    used 17072K, committed 17536K, reserved 1048576K
}
Event: 1991.102 GC heap before
{Heap before GC invocations=61 (full 0):
 garbage-first heap   total 248832K, used 211892K [0x0000000080000000, 0x0000000100000000)
  region size 1024K, 68 young (69632K), 10 survivors (10240K)
 Metaspace       used 128857K, committed 129920K, reserved 1179648K
  class space    used 17359K, committed 17856K, reserved 1048576K
}
Event: 1991.139 GC heap after
{Heap after GC invocations=62 (full 0):
 garbage-first heap   total 248832K, used 173233K [0x0000000080000000, 0x0000000100000000)
  region size 1024K, 9 young (9216K), 9 survivors (9216K)
 Metaspace       used 128857K, committed 129920K, reserved 1179648K
  class space    used 17359K, committed 17856K, reserved 1048576K
}
Event: 1991.424 GC heap before
{Heap before GC invocations=62 (full 0):
 garbage-first heap   total 248832K, used 196785K [0x0000000080000000, 0x0000000100000000)
  region size 1024K, 33 young (33792K), 9 survivors (9216K)
 Metaspace       used 129324K, committed 130368K, reserved 1179648K
  class space    used 17411K, committed 17920K, reserved 1048576K
}

