# JRE version: OpenJDK Runtime Environment (17.0.10) (build 17.0.10+0--11572160)
# Java VM: OpenJDK 64-Bit Server VM (17.0.10+0--11572160, mixed mode, tiered, compressed oops, compressed class ptrs, g1 gc, windows-amd64)
GC Precious Log:
 CPUs: 4 total, 4 available
 Memory: 16263M
 Large Page Support: Disabled
 NUMA Support: Disabled
 Compressed Oops: Enabled (32-bit)
 Heap Region Size: 1M
 Heap Min Capacity: 8M
 Heap Initial Capacity: 256M
 Heap Max Capacity: 2G
 Pre-touch: Disabled
 Parallel Workers: 4
 Concurrent Workers: 1
 Concurrent Refinement Workers: 4
 Periodic GC: Disabled
Heap:
 garbage-first heap   total 470016K, used 329216K [0x0000000080000000, 0x0000000100000000)
  region size 1024K, 10 young (10240K), 10 survivors (10240K)
 Metaspace       used 126728K, committed 127744K, reserved 1179648K
  class space    used 16533K, committed 17024K, reserved 1048576K
GC Heap History (20 events):
Event: 116.284 GC heap after
{Heap after GC invocations=60 (full 0):
 garbage-first heap   total 411648K, used 256512K [0x0000000080000000, 0x0000000100000000)
  region size 1024K, 2 young (2048K), 2 survivors (2048K)
 Metaspace       used 118778K, committed 119744K, reserved 1179648K
  class space    used 15347K, committed 15808K, reserved 1048576K
}
Event: 117.929 GC heap before
{Heap before GC invocations=60 (full 0):
 garbage-first heap   total 411648K, used 372224K [0x0000000080000000, 0x0000000100000000)
  region size 1024K, 82 young (83968K), 2 survivors (2048K)
 Metaspace       used 119377K, committed 120320K, reserved 1179648K
  class space    used 15389K, committed 15808K, reserved 1048576K
}
Event: 117.940 GC heap after
{Heap after GC invocations=61 (full 0):
 garbage-first heap   total 411648K, used 256684K [0x0000000080000000, 0x0000000100000000)
  region size 1024K, 3 young (3072K), 3 survivors (3072K)
 Metaspace       used 119377K, committed 120320K, reserved 1179648K
  class space    used 15389K, committed 15808K, reserved 1048576K
}
Event: 119.173 GC heap before
{Heap before GC invocations=61 (full 0):
 garbage-first heap   total 411648K, used 342700K [0x0000000080000000, 0x0000000100000000)
  region size 1024K, 86 young (88064K), 3 survivors (3072K)
 Metaspace       used 120346K, committed 121344K, reserved 1179648K
  class space    used 15472K, committed 15936K, reserved 1048576K
}
Event: 119.179 GC heap after
{Heap after GC invocations=62 (full 0):
 garbage-first heap   total 411648K, used 258798K [0x0000000080000000, 0x0000000100000000)
  region size 1024K, 5 young (5120K), 5 survivors (5120K)
 Metaspace       used 120346K, committed 121344K, reserved 1179648K
  class space    used 15472K, committed 15936K, reserved 1048576K
}
Event: 120.774 GC heap before
{Heap before GC invocations=62 (full 0):
 garbage-first heap   total 411648K, used 344814K [0x0000000080000000, 0x0000000100000000)
  region size 1024K, 90 young (92160K), 5 survivors (5120K)
 Metaspace       used 120928K, committed 121920K, reserved 1179648K
  class space    used 15539K, committed 16000K, reserved 1048576K
}
Event: 120.788 GC heap after
{Heap after GC invocations=63 (full 0):
 garbage-first heap   total 411648K, used 261632K [0x0000000080000000, 0x0000000100000000)
  region size 1024K, 7 young (7168K), 7 survivors (7168K)
 Metaspace       used 120928K, committed 121920K, reserved 1179648K
  class space    used 15539K, committed 16000K, reserved 1048576K
}
Event: 121.568 GC heap before
{Heap before GC invocations=63 (full 0):
 garbage-first heap   total 411648K, used 321024K [0x0000000080000000, 0x0000000100000000)
  region size 1024K, 35 young (35840K), 7 survivors (7168K)
 Metaspace       used 123978K, committed 125056K, reserved 1179648K
  class space    used 15988K, committed 16512K, reserved 1048576K
}
Event: 121.579 GC heap after
{Heap after GC invocations=64 (full 0):
 garbage-first heap   total 411648K, used 306619K [0x0000000080000000, 0x0000000100000000)
  region size 1024K, 12 young (12288K), 12 survivors (12288K)
 Metaspace       used 123978K, committed 125056K, reserved 1179648K
  class space    used 15988K, committed 16512K, reserved 1048576K
}
Event: 121.622 GC heap before
{Heap before GC invocations=64 (full 0):
 garbage-first heap   total 411648K, used 386491K [0x0000000080000000, 0x0000000100000000)
  region size 1024K, 44 young (45056K), 12 survivors (12288K)
 Metaspace       used 123991K, committed 125056K, reserved 1179648K
  class space    used 15988K, committed 16512K, reserved 1048576K
}
Event: 121.629 GC heap after
{Heap after GC invocations=65 (full 0):
 garbage-first heap   total 414720K, used 337787K [0x0000000080000000, 0x0000000100000000)
  region size 1024K, 7 young (7168K), 7 survivors (7168K)
 Metaspace       used 123991K, committed 125056K, reserved 1179648K
  class space    used 15988K, committed 16512K, reserved 1048576K
}
Event: 121.886 GC heap before
{Heap before GC invocations=65 (full 0):
 garbage-first heap   total 414720K, used 359291K [0x0000000080000000, 0x0000000100000000)
  region size 1024K, 25 young (25600K), 7 survivors (7168K)
 Metaspace       used 124303K, committed 125312K, reserved 1179648K
  class space    used 16034K, committed 16512K, reserved 1048576K
}
Event: 121.898 GC heap after
{Heap after GC invocations=66 (full 0):
 garbage-first heap   total 414720K, used 347641K [0x0000000080000000, 0x0000000100000000)
  region size 1024K, 4 young (4096K), 4 survivors (4096K)
 Metaspace       used 124303K, committed 125312K, reserved 1179648K
  class space    used 16034K, committed 16512K, reserved 1048576K
}
Event: 122.106 GC heap before
{Heap before GC invocations=66 (full 0):
 garbage-first heap   total 470016K, used 288249K [0x0000000080000000, 0x0000000100000000)
  region size 1024K, 20 young (20480K), 4 survivors (4096K)
 Metaspace       used 124303K, committed 125312K, reserved 1179648K
  class space    used 16034K, committed 16512K, reserved 1048576K
}
Event: 122.125 GC heap after
{Heap after GC invocations=67 (full 0):
 garbage-first heap   total 470016K, used 279805K [0x0000000080000000, 0x0000000100000000)
  region size 1024K, 3 young (3072K), 3 survivors (3072K)
 Metaspace       used 124303K, committed 125312K, reserved 1179648K
  class space    used 16034K, committed 16512K, reserved 1048576K
}
Event: 122.793 GC heap before
{Heap before GC invocations=68 (full 0):
 garbage-first heap   total 470016K, used 385277K [0x0000000080000000, 0x0000000100000000)
  region size 1024K, 100 young (102400K), 3 survivors (3072K)
 Metaspace       used 125920K, committed 126976K, reserved 1179648K
  class space    used 16454K, committed 16960K, reserved 1048576K
}
Event: 122.868 GC heap after
{Heap after GC invocations=69 (full 0):
 garbage-first heap   total 470016K, used 324608K [0x0000000080000000, 0x0000000100000000)
  region size 1024K, 13 young (13312K), 13 survivors (13312K)
 Metaspace       used 125920K, committed 126976K, reserved 1179648K
  class space    used 16454K, committed 16960K, reserved 1048576K
}
Event: 123.052 GC heap before
{Heap before GC invocations=69 (full 0):
 garbage-first heap   total 470016K, used 333824K [0x0000000080000000, 0x0000000100000000)
  region size 1024K, 22 young (22528K), 13 survivors (13312K)
 Metaspace       used 126581K, committed 127616K, reserved 1179648K
  class space    used 16532K, committed 17024K, reserved 1048576K
}
Event: 123.109 GC heap after
{Heap after GC invocations=70 (full 0):
 garbage-first heap   total 470016K, used 292864K [0x0000000080000000, 0x0000000100000000)
  region size 1024K, 3 young (3072K), 3 survivors (3072K)
 Metaspace       used 126581K, committed 127616K, reserved 1179648K
  class space    used 16532K, committed 17024K, reserved 1048576K
}
Event: 123.598 GC heap before
{Heap before GC invocations=70 (full 0):
 garbage-first heap   total 470016K, used 367616K [0x0000000080000000, 0x0000000100000000)
  region size 1024K, 77 young (78848K), 3 survivors (3072K)
 Metaspace       used 126728K, committed 127744K, reserved 1179648K
  class space    used 16533K, committed 17024K, reserved 1048576K
}

